Arguments: 
  C:\Program Files\nodejs\node.exe C:\Users\TOG\AppData\Roaming\npm\node_modules\yarn\bin\yarn.js add react-select

PATH: 
  C:\Program Files\Git\mingw64\bin;C:\Program Files\Git\usr\bin;C:\Users\TOG\bin;C:\Program Files (x86)\Common Files\Oracle\Java\javapath;C:\WINDOWS\system32;C:\WINDOWS;C:\WINDOWS\System32\Wbem;C:\WINDOWS\System32\WindowsPowerShell\v1.0;C:\WINDOWS\System32\OpenSSH;C:\Program Files\Git\cmd;C:\Program Files\nodejs;C:\Ruby26-x64\bin;C:\Users\TOG\AppData\Local\Microsoft\WindowsApps;C:\Users\TOG\AppData\Local\Programs\Microsoft VS Code\bin;C:\Users\TOG\AppData\Roaming\npm;C:\Program Files\Java\jdk-13.0.1\bin;C:\Program Files\MongoDB\Server\4.2\bin;C:\Users\TOG\AppData\Local\atom\bin;C:\Program Files\heroku\bin;C:\Users\TOG\AppData\Local\GitHubDesktop\bin;%USERPROFILE%\AppData\Local\Microsoft\WindowsApps

Yarn version: 
  1.21.1

Node version: 
  12.13.1

Platform: 
  win32 x64

Trace: 
  Error: EPERM: operation not permitted, unlink 'C:\Dev\Gossip\node_modules\bcrypt\lib\binding\napi-v3\bcrypt_lib.node'

npm manifest: 
  {
    "name": "gossip",
    "version": "1.0.0",
    "description": "trending gossips in nigeria",
    "main": "index.js",
    "scripts": {
      "start": "node index.js",
      "server": "nodemon index.js",
      "client": "npm start --prefix client",
      "dev": "concurrently \"npm run server\" \"npm run client\""
    },
    "repository": {
      "type": "git",
      "url": "git+https://github.com/acexode/gossip.git"
    },
    "keywords": [
      "Nigeria",
      "gossip",
      "trends",
      "news",
      "sport",
      "politics",
      "amebo",
      "entertainment"
    ],
    "author": "Sir Abubakar (Acexode)",
    "license": "ISC",
    "bugs": {
      "url": "https://github.com/acexode/gossip/issues"
    },
    "homepage": "https://github.com/acexode/gossip#readme",
    "dependencies": {
      "bcrypt": "^4.0.0",
      "body-parser": "^1.19.0",
      "cloudinary": "^1.19.0",
      "concurrently": "^5.1.0",
      "cors": "^2.8.5",
      "dotenv": "^8.2.0",
      "draft-js": "^0.11.4",
      "express": "^4.17.1",
      "formik": "^2.1.4",
      "jsonwebtoken": "^8.5.1",
      "moment": "^2.24.0",
      "mongoose": "^5.9.2",
      "multer": "^1.4.2",
      "multer-storage-cloudinary": "^2.2.1",
      "passport": "^0.4.1",
      "passport-jwt": "^4.0.0",
      "react-router-dom": "^5.1.2",
      "yup": "^0.28.3"
    }
  }

yarn manifest: 
  No manifest

Lockfile: 
  No lockfile
